"G:/Unreal/Unreal Projects/TheFirstSquare/TheFirstSquare.uproject" 1
"../../../Engine/Plugins/2D/Paper2D/Paper2D.uplugin" 2
"../../../Engine/Plugins/Developer/BlankPlugin/BlankPlugin.uplugin" 3
"../../../Engine/Plugins/Developer/PerforceSourceControl/PerforceSourceControl.uplugin" 4
"../../../Engine/Plugins/Developer/SubversionSourceControl/SubversionSourceControl.uplugin" 5
"../../../Engine/Plugins/Developer/UObjectPlugin/UObjectPlugin.uplugin" 6
"../../../Engine/Plugins/Developer/VisualStudioSourceCodeAccess/VisualStudioSourceCodeAccess.uplugin" 7
"../../../Engine/Plugins/Developer/XCodeSourceCodeAccess/XCodeSourceCodeAccess.uplugin" 8
"../../../Engine/Plugins/Editor/EpicSurvey/EpicSurvey.uplugin" 9
"../../../Engine/Plugins/Editor/MacGraphicsSwitching/MacGraphicsSwitching.uplugin" 10
"../../../Engine/Plugins/Editor/PluginsEditor/PluginsEditor.uplugin" 11
"../../../Engine/Plugins/Editor/SpeedTreeImporter/SpeedTreeImporter.uplugin" 12
"../../../Engine/Plugins/Experimental/BlueprintStats/BlueprintStats.uplugin" 13
"../../../Engine/Plugins/Experimental/CharacterAI/CharacterAI.uplugin" 14
"../../../Engine/Plugins/Experimental/CodeView/CodeView.uplugin" 15
"../../../Engine/Plugins/Experimental/LiveEditor/LiveEditor.uplugin" 16
"../../../Engine/Plugins/Experimental/Phya/Phya.uplugin" 17
"../../../Engine/Plugins/Experimental/SteamVR/SteamVR.uplugin" 18
"../../../Engine/Plugins/Media/AvfMedia/AvfMedia.uplugin" 19
"../../../Engine/Plugins/Media/MediaPlayerEditor/MediaPlayerEditor.uplugin" 20
"../../../Engine/Plugins/Media/WmfMedia/WmfMedia.uplugin" 21
"../../../Engine/Plugins/Messaging/MessagingDebugger/MessagingDebugger.uplugin" 22
"../../../Engine/Plugins/Messaging/ShmMessaging/ShmMessaging.uplugin" 23
"../../../Engine/Plugins/Messaging/UdpMessaging/UdpMessaging.uplugin" 24
"../../../Engine/Plugins/Runtime/Advertising/IOSTapJoy/IOSTapJoy.uplugin" 25
"../../../Engine/Plugins/Runtime/Analytics/AnalyticsBlueprintLibrary/AnalyticsBlueprintLibrary.uplugin" 26
"../../../Engine/Plugins/Runtime/Analytics/Apsalar/IOSApsalar/IOSApsalar.uplugin" 27
"../../../Engine/Plugins/Runtime/Analytics/FileLogging/FileLogging.uplugin" 28
"../../../Engine/Plugins/Runtime/AndroidDeviceProfileSelector/AndroidDeviceProfileSelector.uplugin" 29
"../../../Engine/Plugins/Runtime/AppleMoviePlayer/AppleMoviePlayer.uplugin" 30
"../../../Engine/Plugins/Runtime/CableComponent/CableComponent.uplugin" 31
"../../../Engine/Plugins/Runtime/CustomMeshComponent/CustomMeshComponent.uplugin" 32
"../../../Engine/Plugins/Runtime/ExampleDeviceProfileSelector/ExampleDeviceProfileSelector.uplugin" 33
"../../../Engine/Plugins/Runtime/IOSDeviceProfileSelector/IOSDeviceProfileSelector.uplugin" 34
"../../../Engine/Plugins/Runtime/LiveEditorListenServer/LiveEditorListenServer.uplugin" 35
"../../../Engine/Plugins/Runtime/OculusRift/OculusRift.uplugin" 36
"../../../Engine/Plugins/Runtime/SoundMod/SoundMod.uplugin" 37
"../../../Engine/Plugins/Runtime/SoundVisualizations/SoundVisualizations.uplugin" 38
"../../../Engine/Plugins/Runtime/TwitchLiveStreaming/TwitchLiveStreaming.uplugin" 39
"../../../Engine/Plugins/Runtime/WindowsDeviceProfileSelector/WindowsDeviceProfileSelector.uplugin" 40
"../../../Engine/Plugins/Runtime/WindowsMoviePlayer/WindowsMoviePlayer.uplugin" 41
"../../../Engine/Plugins/ScriptGeneratorPlugin/ScriptGeneratorPlugin.uplugin" 42
"../../../Engine/Plugins/ScriptPlugin/ScriptPlugin.uplugin" 43
"../../../Engine/Plugins/Slate/SlateRemote/SlateRemote.uplugin" 44
"..\..\..\Engine\Content\Internationalization\icudt53l\cnvalias.icu" 45
"..\..\..\Engine\Content\Internationalization\icudt53l\en_US_POSIX.res" 46
"..\..\..\Engine\Content\Internationalization\icudt53l\pool.res" 47
"..\..\..\Engine\Content\Internationalization\icudt53l\en_US.res" 48
"..\..\..\Engine\Content\Internationalization\icudt53l\en.res" 49
"..\..\..\Engine\Content\Internationalization\icudt53l\root.res" 50
"..\..\..\Engine\Content\Internationalization\icudt53l\coll\ucadata.icu" 51
"..\..\..\Engine\Content\Internationalization\icudt53l\nfc.nrm" 52
"..\..\..\Engine\Content\Internationalization\icudt53l\coll\en_US_POSIX.res" 53
"..\..\..\Engine\Content\Internationalization\icudt53l\coll\en_US.res" 54
"..\..\..\Engine\Content\Internationalization\icudt53l\coll\en.res" 55
"..\..\..\Engine\Content\Internationalization\icudt53l\coll\root.res" 56
"..\..\..\Engine\Content\Internationalization\icudt53l\numberingSystems.res" 57
"..\..\..\Engine\Content\Internationalization\icudt53l\curr\supplementalData.res" 58
"..\..\..\Engine\Content\Internationalization\icudt53l\curr\pool.res" 59
"..\..\..\Engine\Content\Internationalization\icudt53l\curr\en.res" 60
"..\..\..\Engine\Content\Internationalization\icudt53l\curr\root.res" 61
"..\..\..\Engine\Content\Internationalization\icudt53l\en_GB.res" 62
"..\..\..\Engine\Content\Internationalization\icudt53l\en_001.res" 63
"..\..\..\Engine\Content\Internationalization\icudt53l\plurals.res" 64
"..\..\..\Engine\Content\Internationalization\icudt53l\windowsZones.res" 65
"..\..\..\Engine\Content\Internationalization\icudt53l\zoneinfo64.res" 66
"..\..\..\Engine\Content\Internationalization\icudt53l\keyTypeData.res" 67
"..\..\..\Engine\Content\Internationalization\icudt53l\timezoneTypes.res" 68
"..\..\..\Engine\Content\Internationalization\icudt53l\supplementalData.res" 69
"..\..\..\Engine\Content\Internationalization\icudt53l\likelySubtags.res" 70
"..\..\..\Engine\Content\Internationalization\icudt53l\curr\en_GB.res" 71
"..\..\..\Engine\Content\Internationalization\icudt53l\curr\en_001.res" 72
"../../../Engine/Config/Base.ini" 73
"../../../Engine/Config/BaseEngine.ini" 74
"G:/Unreal/Unreal Projects/TheFirstSquare/Config/DefaultEngine.ini" 75
"../../../Engine/Config/Windows/WindowsEngine.ini" 76
"G:/Unreal/Unreal Projects/TheFirstSquare/Saved/Config/Windows/Engine.ini" 77
"G:/Unreal/Unreal Projects/TheFirstSquare/Saved/Config/CleanSourceConfigs/Engine.ini" 78
"../../../Engine/Config/BaseGame.ini" 79
"G:/Unreal/Unreal Projects/TheFirstSquare/Config/DefaultGame.ini" 80
"G:/Unreal/Unreal Projects/TheFirstSquare/Saved/Config/Windows/Game.ini" 81
"G:/Unreal/Unreal Projects/TheFirstSquare/Saved/Config/CleanSourceConfigs/Game.ini" 82
"../../../Engine/Config/BaseInput.ini" 83
"G:/Unreal/Unreal Projects/TheFirstSquare/Config/DefaultInput.ini" 84
"G:/Unreal/Unreal Projects/TheFirstSquare/Saved/Config/Windows/Input.ini" 85
"G:/Unreal/Unreal Projects/TheFirstSquare/Saved/Config/CleanSourceConfigs/Input.ini" 86
"../../../Engine/Config/BaseEditor.ini" 87
"G:/Unreal/Unreal Projects/TheFirstSquare/Config/DefaultEditor.ini" 88
"G:/Unreal/Unreal Projects/TheFirstSquare/Saved/Config/Windows/Editor.ini" 89
"G:/Unreal/Unreal Projects/TheFirstSquare/Saved/Config/CleanSourceConfigs/Editor.ini" 90
"../../../Engine/Config/BaseEditorLayout.ini" 91
"G:/Unreal/Unreal Projects/TheFirstSquare/Saved/Config/Windows/EditorLayout.ini" 92
"G:/Unreal/Unreal Projects/TheFirstSquare/Saved/Config/CleanSourceConfigs/EditorLayout.ini" 93
"../../../Engine/Config/BaseEditorUserSettings.ini" 94
"G:/Unreal/Unreal Projects/TheFirstSquare/Saved/Config/Windows/EditorUserSettings.ini" 95
"G:/Unreal/Unreal Projects/TheFirstSquare/Saved/Config/CleanSourceConfigs/EditorUserSettings.ini" 96
"../../../Engine/Config/BaseEditorKeyBindings.ini" 97
"G:/Unreal/Unreal Projects/TheFirstSquare/Saved/Config/Windows/EditorKeyBindings.ini" 98
"G:/Unreal/Unreal Projects/TheFirstSquare/Saved/Config/CleanSourceConfigs/EditorKeyBindings.ini" 99
"../../../Engine/Config/BaseCompat.ini" 100
"G:/Unreal/Unreal Projects/TheFirstSquare/Saved/Config/Windows/Compat.ini" 101
"G:/Unreal/Unreal Projects/TheFirstSquare/Saved/Config/CleanSourceConfigs/Compat.ini" 102
"../../../Engine/Config/BaseLightmass.ini" 103
"G:/Unreal/Unreal Projects/TheFirstSquare/Saved/Config/Windows/Lightmass.ini" 104
"G:/Unreal/Unreal Projects/TheFirstSquare/Saved/Config/CleanSourceConfigs/Lightmass.ini" 105
"../../../Engine/Config/BaseScalability.ini" 106
"G:/Unreal/Unreal Projects/TheFirstSquare/Saved/Config/Windows/Scalability.ini" 107
"G:/Unreal/Unreal Projects/TheFirstSquare/Saved/Config/CleanSourceConfigs/Scalability.ini" 108
"G:/Unreal/Unreal Projects/TheFirstSquare/Saved/Config/Windows/GameUserSettings.ini" 109
"G:/Unreal/Unreal Projects/TheFirstSquare/Saved/Config/CleanSourceConfigs/GameUserSettings.ini" 110
"../../../Engine/Config/BaseDeviceProfiles.ini" 111
"G:/Unreal/Unreal Projects/TheFirstSquare/Saved/Config/Windows/DeviceProfiles.ini" 112
"G:/Unreal/Unreal Projects/TheFirstSquare/Saved/Config/CleanSourceConfigs/DeviceProfiles.ini" 113
"../../../Engine/Config/ConsoleVariables.ini" 114
"..\..\..\Engine\Content\Internationalization\icudt53l\es.res" 115
"..\..\..\Engine\Content\Internationalization\icudt53l\coll\es.res" 116
"..\..\..\Engine\Content\Internationalization\icudt53l\curr\es.res" 117
"..\..\..\Engine\Content\Internationalization\icudt53l\es_ES.res" 118
"..\..\..\Engine\Content\Internationalization\icudt53l\ja.res" 119
"..\..\..\Engine\Content\Internationalization\icudt53l\coll\ja.res" 120
"..\..\..\Engine\Content\Internationalization\icudt53l\curr\ja.res" 121
"..\..\..\Engine\Content\Internationalization\icudt53l\ja_JP.res" 122
"..\..\..\Engine\Content\Internationalization\icudt53l\ko.res" 123
"..\..\..\Engine\Content\Internationalization\icudt53l\coll\ko.res" 124
"..\..\..\Engine\Content\Internationalization\icudt53l\curr\ko.res" 125
"..\..\..\Engine\Content\Internationalization\icudt53l\ko_KR.res" 126
"..\..\..\Engine\Content\Internationalization\icudt53l\pt_BR.res" 127
"..\..\..\Engine\Content\Internationalization\icudt53l\pt.res" 128
"..\..\..\Engine\Content\Internationalization\icudt53l\coll\pt.res" 129
"..\..\..\Engine\Content\Internationalization\icudt53l\curr\pt.res" 130
"..\..\..\Engine\Content\Internationalization\icudt53l\zh_CN.res" 131
"..\..\..\Engine\Content\Internationalization\icudt53l\zh_Hans_CN.res" 132
"..\..\..\Engine\Content\Internationalization\icudt53l\zh_Hans.res" 133
"..\..\..\Engine\Content\Internationalization\icudt53l\zh.res" 134
"..\..\..\Engine\Content\Internationalization\icudt53l\coll\zh_CN.res" 135
"..\..\..\Engine\Content\Internationalization\icudt53l\coll\zh_Hans_CN.res" 136
"..\..\..\Engine\Content\Internationalization\icudt53l\coll\zh_Hans.res" 137
"..\..\..\Engine\Content\Internationalization\icudt53l\coll\zh.res" 138
"..\..\..\Engine\Content\Internationalization\icudt53l\curr\zh_CN.res" 139
"..\..\..\Engine\Content\Internationalization\icudt53l\curr\zh_Hans_CN.res" 140
"..\..\..\Engine\Content\Internationalization\icudt53l\curr\zh_Hans.res" 141
"..\..\..\Engine\Content\Internationalization\icudt53l\curr\zh.res" 142
"C:/Program Files/Epic Games/4.6/Engine/Content/Localization/Editor/en/Editor.locres" 143
"C:/Program Files/Epic Games/4.6/Engine/Content/Localization/EditorTutorials/en/EditorTutorials.locres" 144
"C:/Program Files/Epic Games/4.6/Engine/Content/Localization/Engine/en/Engine.locres" 145
"../../../Engine/Content/Slate/Fonts/Roboto-Regular.ttf" 146
"../../../Engine/Content/Slate/Fonts/Roboto-Bold.ttf" 147
"../../../Engine/Content/Slate/Fonts/Roboto-Light.ttf" 148
"../../../Engine/Content/Slate/Fonts/DroidSansMono.ttf" 149
"C:/Program Files/Epic Games/4.6/Engine/Binaries/Win64/../../../Engine/Shaders/ParticleSpriteVertexFactory.usf" 150
"C:/Program Files/Epic Games/4.6/Engine/Binaries/Win64/../../../Engine/Shaders/VertexFactoryCommon.usf" 151
"C:/Program Files/Epic Games/4.6/Engine/Binaries/Win64/../../../Engine/Shaders/Common.usf" 152
"C:/Program Files/Epic Games/4.6/Engine/Binaries/Win64/../../../Engine/Shaders/ShaderVersion.usf" 153
"C:/Program Files/Epic Games/4.6/Engine/Binaries/Win64/../../../Engine/Shaders/Definitions.usf" 154
"C:/Program Files/Epic Games/4.6/Engine/Binaries/Win64/../../../Engine/Shaders/Random.usf" 155
"C:/Program Files/Epic Games/4.6/Engine/Binaries/Win64/../../../Engine/Shaders/ParticleVertexFactoryCommon.usf" 156
"C:/Program Files/Epic Games/4.6/Engine/Binaries/Win64/../../../Engine/Shaders/ParticleGPUSpriteVertexFactory.usf" 157
"C:/Program Files/Epic Games/4.6/Engine/Binaries/Win64/../../../Engine/Shaders/ParticleBeamTrailVertexFactory.usf" 158
"C:/Program Files/Epic Games/4.6/Engine/Binaries/Win64/../../../Engine/Shaders/VectorFieldVisualizationVertexFactory.usf" 159
"C:/Program Files/Epic Games/4.6/Engine/Binaries/Win64/../../../Engine/Shaders/LocalVertexFactory.usf" 160
"C:/Program Files/Epic Games/4.6/Engine/Binaries/Win64/../../../Engine/Shaders/LocalVertexFactoryCommon.usf" 161
"C:/Program Files/Epic Games/4.6/Engine/Binaries/Win64/../../../Engine/Shaders/MeshParticleVertexFactory.usf" 162
"C:/Program Files/Epic Games/4.6/Engine/Binaries/Win64/../../../Engine/Shaders/GpuSkinVertexFactory.usf" 163
"C:/Program Files/Epic Games/4.6/Engine/Binaries/Win64/../../../Engine/Shaders/GpuSkinCacheCommon.usf" 164
"C:/Program Files/Epic Games/4.6/Engine/Binaries/Win64/../../../Engine/Shaders/LandscapeVertexFactory.usf" 165
"C:/Program Files/Epic Games/4.6/Engine/Binaries/Win64/../../../Engine/Shaders/SlateElementPixelShader.usf" 166
"C:/Program Files/Epic Games/4.6/Engine/Binaries/Win64/../../../Engine/Shaders/MaterialTemplate.usf" 167
"C:/Program Files/Epic Games/4.6/Engine/Binaries/Win64/../../../Engine/Shaders/DepthOfFieldCommon.usf" 168
"C:/Program Files/Epic Games/4.6/Engine/Binaries/Win64/../../../Engine/Shaders/SpeedTreeCommon.usf" 169
"C:/Program Files/Epic Games/4.6/Engine/Binaries/Win64/../../../Engine/Shaders/AtmosphereCommon.usf" 170
"C:/Program Files/Epic Games/4.6/Engine/Binaries/Win64/../../../Engine/Shaders/PostProcessCommon.usf" 171
"C:/Program Files/Epic Games/4.6/Engine/Binaries/Win64/../../../Engine/Shaders/DeferredShadingCommon.usf" 172
"C:/Program Files/Epic Games/4.6/Engine/Binaries/Win64/../../../Engine/Shaders/LightAccumulator.usf" 173
"C:/Program Files/Epic Games/4.6/Engine/Binaries/Win64/../../../Engine/Shaders/SlateVertexShader.usf" 174
"C:/Program Files/Epic Games/4.6/Engine/Binaries/Win64/../../../Engine/Shaders/OneColorShader.usf" 175
"C:/Program Files/Epic Games/4.6/Engine/Binaries/Win64/../../../Engine/Shaders/ResolveVertexShader.usf" 176
"C:/Program Files/Epic Games/4.6/Engine/Binaries/Win64/../../../Engine/Shaders/ResolvePixelShader.usf" 177
"C:/Program Files/Epic Games/4.6/Engine/Binaries/Win64/../../../Engine/Shaders/VisualizeTexture.usf" 178
"C:/Program Files/Epic Games/4.6/Engine/Binaries/Win64/../../../Engine/Shaders/ScreenSpaceReflections.usf" 179
"C:/Program Files/Epic Games/4.6/Engine/Binaries/Win64/../../../Engine/Shaders/BRDF.usf" 180
"C:/Program Files/Epic Games/4.6/Engine/Binaries/Win64/../../../Engine/Shaders/MonteCarlo.usf" 181
"C:/Program Files/Epic Games/4.6/Engine/Binaries/Win64/../../../Engine/Shaders/FilterVertexShader.usf" 182
"C:/Program Files/Epic Games/4.6/Engine/Binaries/Win64/../../../Engine/Shaders/FilterPixelShader.usf" 183
"C:/Program Files/Epic Games/4.6/Engine/Binaries/Win64/../../../Engine/Shaders/PostProcessVisualizeHDR.usf" 184
"C:/Program Files/Epic Games/4.6/Engine/Binaries/Win64/../../../Engine/Shaders/PostProcessHistogramCommon.usf" 185
"C:/Program Files/Epic Games/4.6/Engine/Binaries/Win64/../../../Engine/Shaders/TonemapCommon.usf" 186
"C:/Program Files/Epic Games/4.6/Engine/Binaries/Win64/../../../Engine/Shaders/MiniFontCommon.usf" 187
"C:/Program Files/Epic Games/4.6/Engine/Binaries/Win64/../../../Engine/Shaders/PostProcessVisualizeBuffer.usf" 188
"C:/Program Files/Epic Games/4.6/Engine/Binaries/Win64/../../../Engine/Shaders/PostProcessUpscale.usf" 189
"C:/Program Files/Epic Games/4.6/Engine/Binaries/Win64/../../../Engine/Shaders/PostProcessTonemap.usf" 190
"C:/Program Files/Epic Games/4.6/Engine/Binaries/Win64/../../../Engine/Shaders/PostProcessTestImage.usf" 191
"C:/Program Files/Epic Games/4.6/Engine/Binaries/Win64/../../../Engine/Shaders/PostProcessTemporalAA.usf" 192
"C:/Program Files/Epic Games/4.6/Engine/Binaries/Win64/../../../Engine/Shaders/PostProcessTemporalCommon.usf" 193
"C:/Program Files/Epic Games/4.6/Engine/Binaries/Win64/../../../Engine/Shaders/PostProcessSubsurface.usf" 194
"C:/Program Files/Epic Games/4.6/Engine/Binaries/Win64/../../../Engine/Shaders/SeparableSSS.usf" 195
"C:/Program Files/Epic Games/4.6/Engine/Binaries/Win64/../../../Engine/Shaders/PostProcessSelectionOutline.usf" 196
"C:/Program Files/Epic Games/4.6/Engine/Binaries/Win64/../../../Engine/Shaders/PostProcessSceneColorFringe.usf" 197
"C:/Program Files/Epic Games/4.6/Engine/Binaries/Win64/../../../Engine/Shaders/PostProcessNoiseBlur.usf" 198
"C:/Program Files/Epic Games/4.6/Engine/Binaries/Win64/../../../Engine/Shaders/PostProcessMotionBlur.usf" 199
"C:/Program Files/Epic Games/4.6/Engine/Binaries/Win64/../../../Engine/Shaders/MorpheusInclude.usf" 200
"C:/Program Files/Epic Games/4.6/Engine/Binaries/Win64/../../../Engine/Shaders/PostProcessMobile.usf" 201
"C:/Program Files/Epic Games/4.6/Engine/Binaries/Win64/../../../Engine/Shaders/PostProcessMaterialShaders.usf" 202
"C:/Program Files/Epic Games/4.6/Engine/Binaries/Win64/../../../Engine/Shaders/PostProcessLensFlares.usf" 203
"C:/Program Files/Epic Games/4.6/Engine/Binaries/Win64/../../../Engine/Shaders/PostProcessLensBlur.usf" 204
"C:/Program Files/Epic Games/4.6/Engine/Binaries/Win64/../../../Engine/Shaders/PostProcessBloom.usf" 205
"C:/Program Files/Epic Games/4.6/Engine/Binaries/Win64/../../../Engine/Shaders/PostProcessHMD.usf" 206
"C:/Program Files/Epic Games/4.6/Engine/Binaries/Win64/../../../Engine/Shaders/PostProcessHistogramReduce.usf" 207
"C:/Program Files/Epic Games/4.6/Engine/Binaries/Win64/../../../Engine/Shaders/PostProcessHistogram.usf" 208
"C:/Program Files/Epic Games/4.6/Engine/Binaries/Win64/../../../Engine/Shaders/PostProcessGBufferHints.usf" 209
"C:/Program Files/Epic Games/4.6/Engine/Binaries/Win64/../../../Engine/Shaders/PostProcessEyeAdaptation.usf" 210
"C:/Program Files/Epic Games/4.6/Engine/Binaries/Win64/../../../Engine/Shaders/PostProcessDownsample.usf" 211
"C:/Program Files/Epic Games/4.6/Engine/Binaries/Win64/../../../Engine/Shaders/PostProcessDOF.usf" 212
"C:/Program Files/Epic Games/4.6/Engine/Binaries/Win64/../../../Engine/Shaders/PostProcessCompositeEditorPrimitives.usf" 213
"C:/Program Files/Epic Games/4.6/Engine/Binaries/Win64/../../../Engine/Shaders/PostProcessCombineLUTs.usf" 214
"C:/Program Files/Epic Games/4.6/Engine/Binaries/Win64/../../../Engine/Shaders/PostProcessBusyWait.usf" 215
"C:/Program Files/Epic Games/4.6/Engine/Binaries/Win64/../../../Engine/Shaders/PostProcessBokehDOF.usf" 216
"C:/Program Files/Epic Games/4.6/Engine/Binaries/Win64/../../../Engine/Shaders/FXAAShader.usf" 217
"C:/Program Files/Epic Games/4.6/Engine/Binaries/Win64/../../../Engine/Shaders/Fxaa3_11.usf" 218
"C:/Program Files/Epic Games/4.6/Engine/Binaries/Win64/../../../Engine/Shaders/PostProcessPassThrough.usf" 219
"C:/Program Files/Epic Games/4.6/Engine/Binaries/Win64/../../../Engine/Shaders/PostProcessLpvIndirect.usf" 220
"C:/Program Files/Epic Games/4.6/Engine/Binaries/Win64/../../../Engine/Shaders/DeferredLightingCommon.usf" 221
"C:/Program Files/Epic Games/4.6/Engine/Binaries/Win64/../../../Engine/Shaders/DynamicLightingCommon.usf" 222
"C:/Program Files/Epic Games/4.6/Engine/Binaries/Win64/../../../Engine/Shaders/IESLightProfilesCommon.usf" 223
"C:/Program Files/Epic Games/4.6/Engine/Binaries/Win64/../../../Engine/Shaders/LPVFinalPass.usf" 224
"C:/Program Files/Epic Games/4.6/Engine/Binaries/Win64/../../../Engine/Shaders/LPVCommon.usf" 225
"C:/Program Files/Epic Games/4.6/Engine/Binaries/Win64/../../../Engine/Shaders/DeferredDecal.usf" 226
"C:/Program Files/Epic Games/4.6/Engine/Binaries/Win64/../../../Engine/Shaders/PostProcessAmbientOcclusion.usf" 227
"C:/Program Files/Epic Games/4.6/Engine/Binaries/Win64/../../../Engine/Shaders/PostProcessAmbient.usf" 228
"C:/Program Files/Epic Games/4.6/Engine/Binaries/Win64/../../../Engine/Shaders/CubemapCommon.usf" 229
"C:/Program Files/Epic Games/4.6/Engine/Binaries/Win64/../../../Engine/Shaders/VelocityShader.usf" 230
"C:/Program Files/Epic Games/4.6/Engine/Binaries/Win64/../../../Engine/Shaders/Tessellation.usf" 231
"C:/Program Files/Epic Games/4.6/Engine/Binaries/Win64/../../../Engine/Shaders/FlatTessellation.usf" 232
"C:/Program Files/Epic Games/4.6/Engine/Binaries/Win64/../../../Engine/Shaders/PNTriangles.usf" 233
"C:/Program Files/Epic Games/4.6/Engine/Binaries/Win64/../../../Engine/Shaders/TranslucentLightingShaders.usf" 234
"C:/Program Files/Epic Games/4.6/Engine/Binaries/Win64/../../../Engine/Shaders/SHCommon.usf" 235
"C:/Program Files/Epic Games/4.6/Engine/Binaries/Win64/../../../Engine/Shaders/ShadowProjectionCommon.usf" 236
"C:/Program Files/Epic Games/4.6/Engine/Binaries/Win64/../../../Engine/Shaders/TranslucentLightInjectionShaders.usf" 237
"C:/Program Files/Epic Games/4.6/Engine/Binaries/Win64/../../../Engine/Shaders/LightFunctionCommon.usf" 238
"C:/Program Files/Epic Games/4.6/Engine/Binaries/Win64/../../../Engine/Shaders/TranslucentShadowDepthShaders.usf" 239
"C:/Program Files/Epic Games/4.6/Engine/Binaries/Win64/../../../Engine/Shaders/ShadowDepthCommon.usf" 240
"C:/Program Files/Epic Games/4.6/Engine/Binaries/Win64/../../../Engine/Shaders/TiledDeferredLightShaders.usf" 241
"C:/Program Files/Epic Games/4.6/Engine/Binaries/Win64/../../../Engine/Shaders/ShadowProjectionPixelShader.usf" 242
"C:/Program Files/Epic Games/4.6/Engine/Binaries/Win64/../../../Engine/Shaders/ShadowFilteringCommon.usf" 243
"C:/Program Files/Epic Games/4.6/Engine/Binaries/Win64/../../../Engine/Shaders/ShadowProjectionVertexShader.usf" 244
"C:/Program Files/Epic Games/4.6/Engine/Binaries/Win64/../../../Engine/Shaders/ShadowDepthPixelShader.usf" 245
"C:/Program Files/Epic Games/4.6/Engine/Binaries/Win64/../../../Engine/Shaders/LPVWriteVplCommon.usf" 246
"C:/Program Files/Epic Games/4.6/Engine/Binaries/Win64/../../../Engine/Shaders/LPVWriteCommon.usf" 247
"C:/Program Files/Epic Games/4.6/Engine/Binaries/Win64/../../../Engine/Shaders/ShadowDepthVertexShader.usf" 248
"C:/Program Files/Epic Games/4.6/Engine/Binaries/Win64/../../../Engine/Shaders/ShaderComplexityApplyPixelShader.usf" 249
"C:/Program Files/Epic Games/4.6/Engine/Binaries/Win64/../../../Engine/Shaders/ShaderComplexityApplyVertexShader.usf" 250
"C:/Program Files/Epic Games/4.6/Engine/Binaries/Win64/../../../Engine/Shaders/ShaderComplexityAccumulatePixelShader.usf" 251
"C:/Program Files/Epic Games/4.6/Engine/Binaries/Win64/../../../Engine/Shaders/HZBOcclusion.usf" 252
"C:/Program Files/Epic Games/4.6/Engine/Binaries/Win64/../../../Engine/Shaders/OcclusionQueryVertexShader.usf" 253
"C:/Program Files/Epic Games/4.6/Engine/Binaries/Win64/../../../Engine/Shaders/HitProxyPixelShader.usf" 254
"C:/Program Files/Epic Games/4.6/Engine/Binaries/Win64/../../../Engine/Shaders/HitProxyVertexShader.usf" 255
"C:/Program Files/Epic Games/4.6/Engine/Binaries/Win64/../../../Engine/Shaders/ReflectionEnvironmentShaders.usf" 256
"C:/Program Files/Epic Games/4.6/Engine/Binaries/Win64/../../../Engine/Shaders/ReflectionEnvironmentShared.usf" 257
"C:/Program Files/Epic Games/4.6/Engine/Binaries/Win64/../../../Engine/Shaders/SkyLightingShared.usf" 258
"C:/Program Files/Epic Games/4.6/Engine/Binaries/Win64/../../../Engine/Shaders/ReflectionEnvironmentComputeShaders.usf" 259
"C:/Program Files/Epic Games/4.6/Engine/Binaries/Win64/../../../Engine/Shaders/LightShaftShader.usf" 260
"C:/Program Files/Epic Games/4.6/Engine/Binaries/Win64/../../../Engine/Shaders/StationaryLightOverlapShaders.usf" 261
"C:/Program Files/Epic Games/4.6/Engine/Binaries/Win64/../../../Engine/Shaders/DeferredLightPixelShaders.usf" 262
"C:/Program Files/Epic Games/4.6/Engine/Binaries/Win64/../../../Engine/Shaders/DeferredLightVertexShaders.usf" 263
"C:/Program Files/Epic Games/4.6/Engine/Binaries/Win64/../../../Engine/Shaders/LPVVisualise.usf" 264
"C:/Program Files/Epic Games/4.6/Engine/Binaries/Win64/../../../Engine/Shaders/LPVGeometryVolumeCommon.usf" 265
"C:/Program Files/Epic Games/4.6/Engine/Binaries/Win64/../../../Engine/Shaders/LPVDirectLightInject.usf" 266
"C:/Program Files/Epic Games/4.6/Engine/Binaries/Win64/../../../Engine/Shaders/LPVPropagate.usf" 267
"C:/Program Files/Epic Games/4.6/Engine/Binaries/Win64/../../../Engine/Shaders/LPVBuildGeometryVolume.usf" 268
"C:/Program Files/Epic Games/4.6/Engine/Binaries/Win64/../../../Engine/Shaders/LPVInject_AccumulateVplLists.usf" 269
"C:/Program Files/Epic Games/4.6/Engine/Binaries/Win64/../../../Engine/Shaders/LPVInject_GenerateVplLists.usf" 270
"C:/Program Files/Epic Games/4.6/Engine/Binaries/Win64/../../../Engine/Shaders/LPVClearLists.usf" 271
"C:/Program Files/Epic Games/4.6/Engine/Binaries/Win64/../../../Engine/Shaders/LPVClear.usf" 272
"C:/Program Files/Epic Games/4.6/Engine/Binaries/Win64/../../../Engine/Shaders/LightMapDensityShader.usf" 273
"C:/Program Files/Epic Games/4.6/Engine/Binaries/Win64/../../../Engine/Shaders/LightFunctionPixelShader.usf" 274
"C:/Program Files/Epic Games/4.6/Engine/Binaries/Win64/../../../Engine/Shaders/LightFunctionVertexShader.usf" 275
"C:/Program Files/Epic Games/4.6/Engine/Binaries/Win64/../../../Engine/Shaders/HdrCustomResolveShaders.usf" 276
"C:/Program Files/Epic Games/4.6/Engine/Binaries/Win64/../../../Engine/Shaders/GPUBenchmark.usf" 277
"C:/Program Files/Epic Games/4.6/Engine/Binaries/Win64/../../../Engine/Shaders/GammaCorrection.usf" 278
"C:/Program Files/Epic Games/4.6/Engine/Binaries/Win64/../../../Engine/Shaders/BasePassForForwardShadingPixelShader.usf" 279
"C:/Program Files/Epic Games/4.6/Engine/Binaries/Win64/../../../Engine/Shaders/BasePassForForwardShadingCommon.usf" 280
"C:/Program Files/Epic Games/4.6/Engine/Binaries/Win64/../../../Engine/Shaders/LightmapCommon.usf" 281
"C:/Program Files/Epic Games/4.6/Engine/Binaries/Win64/../../../Engine/Shaders/BasePassForForwardShadingVertexShader.usf" 282
"C:/Program Files/Epic Games/4.6/Engine/Binaries/Win64/../../../Engine/Shaders/HeightFogCommon.usf" 283
"C:/Program Files/Epic Games/4.6/Engine/Binaries/Win64/../../../Engine/Shaders/HeightFogPixelShader.usf" 284
"C:/Program Files/Epic Games/4.6/Engine/Binaries/Win64/../../../Engine/Shaders/HeightFogVertexShader.usf" 285
"C:/Program Files/Epic Games/4.6/Engine/Binaries/Win64/../../../Engine/Shaders/DistortAccumulatePS.usf" 286
"C:/Program Files/Epic Games/4.6/Engine/Binaries/Win64/../../../Engine/Shaders/DistortAccumulateVS.usf" 287
"C:/Program Files/Epic Games/4.6/Engine/Binaries/Win64/../../../Engine/Shaders/DistortApplyScreenPS.usf" 288
"C:/Program Files/Epic Games/4.6/Engine/Binaries/Win64/../../../Engine/Shaders/SkyLighting.usf" 289
"C:/Program Files/Epic Games/4.6/Engine/Binaries/Win64/../../../Engine/Shaders/DistanceFieldSurfaceCacheLighting.usf" 290
"C:/Program Files/Epic Games/4.6/Engine/Binaries/Win64/../../../Engine/Shaders/DistanceFieldLightingShared.usf" 291
"C:/Program Files/Epic Games/4.6/Engine/Binaries/Win64/../../../Engine/Shaders/DistanceFieldAOShared.usf" 292
"C:/Program Files/Epic Games/4.6/Engine/Binaries/Win64/../../../Engine/Shaders/DistanceFieldSurfaceCacheLightingCompute.usf" 293
"C:/Program Files/Epic Games/4.6/Engine/Binaries/Win64/../../../Engine/Shaders/DistanceFieldShadowing.usf" 294
"C:/Program Files/Epic Games/4.6/Engine/Binaries/Win64/../../../Engine/Shaders/DepthOnlyPixelShader.usf" 295
"C:/Program Files/Epic Games/4.6/Engine/Binaries/Win64/../../../Engine/Shaders/DepthOnlyVertexShader.usf" 296
"C:/Program Files/Epic Games/4.6/Engine/Binaries/Win64/../../../Engine/Shaders/PositionOnlyDepthVertexShader.usf" 297
"C:/Program Files/Epic Games/4.6/Engine/Binaries/Win64/../../../Engine/Shaders/DownsampleDepthPixelShader.usf" 298
"C:/Program Files/Epic Games/4.6/Engine/Binaries/Win64/../../../Engine/Shaders/BasePassPixelShader.usf" 299
"C:/Program Files/Epic Games/4.6/Engine/Binaries/Win64/../../../Engine/Shaders/BasePassCommon.usf" 300
"C:/Program Files/Epic Games/4.6/Engine/Binaries/Win64/../../../Engine/Shaders/BasePassVertexShader.usf" 301
"C:/Program Files/Epic Games/4.6/Engine/Binaries/Win64/../../../Engine/Shaders/BasePassVertexCommon.usf" 302
"C:/Program Files/Epic Games/4.6/Engine/Binaries/Win64/../../../Engine/Shaders/BasePassTessellationShaders.usf" 303
"C:/Program Files/Epic Games/4.6/Engine/Binaries/Win64/../../../Engine/Shaders/AtmospherePrecompute.usf" 304
"C:/Program Files/Epic Games/4.6/Engine/Binaries/Win64/../../../Engine/Shaders/AtmospherePrecomputeCommon.usf" 305
"C:/Program Files/Epic Games/4.6/Engine/Binaries/Win64/../../../Engine/Shaders/AtmospherePrecomputeInscatter.usf" 306
"C:/Program Files/Epic Games/4.6/Engine/Binaries/Win64/../../../Engine/Shaders/AtmosphericFogShader.usf" 307
"C:/Program Files/Epic Games/4.6/Engine/Binaries/Win64/../../../Engine/Shaders/ParticleSortKeyGen.usf" 308
"C:/Program Files/Epic Games/4.6/Engine/Binaries/Win64/../../../Engine/Shaders/ParticleBoundsShader.usf" 309
"C:/Program Files/Epic Games/4.6/Engine/Binaries/Win64/../../../Engine/Shaders/ParticleSimVisualizeShader.usf" 310
"C:/Program Files/Epic Games/4.6/Engine/Binaries/Win64/../../../Engine/Shaders/ParticleInjectionShader.usf" 311
"C:/Program Files/Epic Games/4.6/Engine/Binaries/Win64/../../../Engine/Shaders/ParticleSimulationShader.usf" 312
"C:/Program Files/Epic Games/4.6/Engine/Binaries/Win64/../../../Engine/Shaders/ParticleCurveInjectionShader.usf" 313
"C:/Program Files/Epic Games/4.6/Engine/Binaries/Win64/../../../Engine/Shaders/VectorFieldCompositeShaders.usf" 314
"C:/Program Files/Epic Games/4.6/Engine/Binaries/Win64/../../../Engine/Shaders/UpdateTextureShaders.usf" 315
"C:/Program Files/Epic Games/4.6/Engine/Binaries/Win64/../../../Engine/Shaders/SimpleElementColorChannelMaskPixelShader.usf" 316
"C:/Program Files/Epic Games/4.6/Engine/Binaries/Win64/../../../Engine/Shaders/SimpleElementHitProxyPixelShader.usf" 317
"C:/Program Files/Epic Games/4.6/Engine/Binaries/Win64/../../../Engine/Shaders/SimpleElementPixelShader.usf" 318
"C:/Program Files/Epic Games/4.6/Engine/Binaries/Win64/../../../Engine/Shaders/ColorUtils.usf" 319
"C:/Program Files/Epic Games/4.6/Engine/Binaries/Win64/../../../Engine/Shaders/SimpleElementVertexShader.usf" 320
"C:/Program Files/Epic Games/4.6/Engine/Binaries/Win64/../../../Engine/Shaders/ScreenVertexShader.usf" 321
"C:/Program Files/Epic Games/4.6/Engine/Binaries/Win64/../../../Engine/Shaders/ScreenPixelShader.usf" 322
"C:/Program Files/Epic Games/4.6/Engine/Binaries/Win64/../../../Engine/Shaders/RadixSortShaders.usf" 323
"C:/Program Files/Epic Games/4.6/Engine/Binaries/Win64/../../../Engine/Shaders/GpuSkinCacheComputeShader.usf" 324
"C:/Program Files/Epic Games/4.6/Engine/Binaries/Win64/../../../Engine/Shaders/NullPixelShader.usf" 325
"C:/Program Files/Epic Games/4.6/Engine/Binaries/Win64/../../../Engine/Shaders/ClearReplacementShaders.usf" 326
"C:/Program Files/Epic Games/4.6/Engine/Binaries/Win64/../../../Engine/Shaders/SimpleElementTexture2DPreviewPixelShader.usf" 327
"C:/Program Files/Epic Games/4.6/Engine/Binaries/Win64/../../../Engine/Shaders/SimpleElementNormalMapPixelShader.usf" 328
"C:/Program Files/Epic Games/4.6/Engine/Binaries/Win64/../../../Engine/Shaders/meshpaintdilatepixelshader.usf" 329
"C:/Program Files/Epic Games/4.6/Engine/Binaries/Win64/../../../Engine/Shaders/meshpaintdilatevertexshader.usf" 330
"C:/Program Files/Epic Games/4.6/Engine/Binaries/Win64/../../../Engine/Shaders/MeshPaintPixelShader.usf" 331
"C:/Program Files/Epic Games/4.6/Engine/Binaries/Win64/../../../Engine/Shaders/MeshPaintVertexShader.usf" 332
"../../../Engine/Config/Android/AndroidEngine.ini" 333
"../../../Engine/Config/IOS/IOSEngine.ini" 334
"../../../Engine/Config/Linux/LinuxEngine.ini" 335
"C:/Users/Fuchs/AppData/Local/UnrealEngine/4.6/DerivedDataCache/Boot.ddc" 336
"../../../Engine/DerivedDataCache/DDC.ddp" 337
"../../../Engine/Content/EditorResources/S_Actor.uasset" 338
"../../../Engine/Content/EditorLandscapeResources/DataLayer.uasset" 339
"../../../Engine/Content/Maps/Templates/Thumbnails/Default.uasset" 340
"../../../Engine/Content/EditorMaterials/ParticleSystems/PSysThumbnail_NoImage.uasset" 341
"../../../Engine/Content/EditorMaterials/ParticleSystems/PSysThumbnail_OOD.uasset" 342
"../../../Engine/Content/EngineDamageTypes/DmgTypeBP_Environmental.uasset" 343
"../../../Engine/Content/EngineMeshes/Sphere.uasset" 344
"../../../Engine/Content/EngineFonts/RobotoDistanceField.uasset" 345
"../../../Engine/Content/EngineMaterials/DefaultTextMaterialOpaque.uasset" 346
"../../../Engine/Content/Functions/Engine_MaterialFunctions01/Shading/PowerToRoughness.uasset" 347
"../../../Engine/Content/Functions/Engine_MaterialFunctions01/Shading/ConvertFromDiffSpec.uasset" 348
"../../../Engine/Content/EngineMaterials/WorldGridMaterial.uasset" 349
"../../../Engine/Content/Functions/Engine_MaterialFunctions01/Opacity/CameraDepthFade.uasset" 350
"../../../Engine/Content/EngineMaterials/T_Default_Material_Grid_M.uasset" 351
"../../../Engine/Content/EngineMaterials/T_Default_Material_Grid_N.uasset" 352
"../../../Engine/Content/EngineMaterials/DefaultDeferredDecalMaterial.uasset" 353
"../../../Engine/Content/EngineMaterials/DefaultDiffuse.uasset" 354
"../../../Engine/Content/EngineMaterials/DefaultLightFunctionMaterial.uasset" 355
"../../../Engine/Content/EngineMaterials/DefaultPostProcessMaterial.uasset" 356
"../../../Engine/Content/Functions/Engine_MaterialFunctions02/Utility/BreakOutFloat2Components.uasset" 357
"../../../Engine/Content/EditorResources/S_Trigger.uasset" 358
"../../../Engine/Content/EngineResources/WhiteSquareTexture.uasset" 359
"../../../Engine/Content/EngineResources/GradientTexture0.uasset" 360
"../../../Engine/Content/EngineResources/Black.uasset" 361
"../../../Engine/Content/EditorMaterials/MatineeGroups/MAT_Groups_Float.uasset" 362
"../../../Engine/Content/EditorMaterials/MatineeGroups/MAT_Groups_Director.uasset" 363
"../../../Engine/Content/EditorMaterials/MatineeGroups/MAT_Groups_Event.uasset" 364
"../../../Engine/Content/EditorMaterials/MatineeGroups/MAT_Groups_Anim.uasset" 365
"../../../Engine/Content/EditorMaterials/MatineeGroups/MAT_Groups_Fade.uasset" 366
"../../../Engine/Content/EditorMaterials/MatineeGroups/MAT_Groups_Move.uasset" 367
"../../../Engine/Content/EditorMaterials/MatineeGroups/MAT_Groups_Slomo.uasset" 368
"../../../Engine/Content/EditorMaterials/MatineeGroups/MAT_ColorTrack.uasset" 369
"../../../Engine/Content/EditorMaterials/MAT_Groups_Toggle.uasset" 370
"../../../Engine/Content/EditorMaterials/MatineeGroups/MAT_Groups_AudioMaster.uasset" 371
"../../../Engine/Content/EditorMaterials/MatineeGroups/MAT_Groups_Sound.uasset" 372
"../../../Engine/Content/EditorMaterials/MatineeGroups/MAT_Groups_Vector.uasset" 373
"../../../Engine/Content/EditorMaterials/MAT_Groups_Visibility.uasset" 374
"../../../Engine/Content/EngineResources/DefaultTexture.uasset" 375
"../../../Engine/Content/EngineResources/DefaultTextureCube.uasset" 376
"G:/Unreal/Unreal Projects/TheFirstSquare/Content/Audio/NewSoundClass.uasset" 377
"../../../Engine/Content/EngineMeshes/Cylinder.uasset" 378
"../../../Engine/Content/EngineMaterials/DefaultMaterial.uasset" 379
"../../../Engine/Content/EngineTireTypes/DefaultTireType.uasset" 380
"../../../Engine/Content/Editor/Slate/Fonts/DroidSansMono.ttf" 381
"../../../Engine/Content/Editor/Slate/Fonts/Roboto-BoldCondensed.ttf" 382
"../../../Engine/Content/Editor/Slate/Fonts/Roboto-Black.ttf" 383
"../../../Engine/Content/Editor/Slate/Fonts/Roboto-BoldCondensedItalic.ttf" 384
"../../../Engine/Content/Editor/Slate/Fonts/Roboto-Italic.ttf" 385
"../../../Engine/Content/EngineFonts/Roboto.uasset" 386
"../../../Engine/Content/EngineMaterials/Widget3DPassThrough_Translucent.uasset" 387
"../../../Engine/Content/EngineMaterials/Widget3DPassThrough.uasset" 388
"../../../Engine/Content/EngineMaterials/Widget3DPassThrough_Translucent_OneSided.uasset" 389
"../../../Engine/Content/EngineMaterials/Widget3DPassThrough_Opaque.uasset" 390
"../../../Engine/Content/EngineMaterials/Widget3DPassThrough_Opaque_OneSided.uasset" 391
"../../../Engine/Plugins/2D/Paper2D/Content/MaskedUnlitSpriteMaterial.uasset" 392
"../../../Engine/Plugins/2D/Paper2D/Content/DefaultSpriteMaterial.uasset" 393
"../../../Engine/Plugins/2D/Paper2D/Content/DummySpriteTexture.uasset" 394
"../../../Engine/Plugins/2D/Paper2D/Content/OpaqueUnlitSpriteMaterial.uasset" 395
"../../../Engine/Plugins/2D/Paper2D/Content/DefaultPaperTerrainMaterial.uasset" 396
"../../../Engine/Plugins/2D/Paper2D/Content/DummySprite.uasset" 397
"C:/Users/Fuchs/AppData/Local/UnrealEngine/4.6/Saved/Config/Windows/SourceControlSettings.ini" 398
"G:/Unreal/Unreal Projects/TheFirstSquare/Saved/Config/CleanSourceConfigs/SourceControlSettings.ini" 399
"G:/Unreal/Unreal Projects/TheFirstSquare/Saved/Config/Windows/SourceControlSettings.ini" 400
"../../../Engine/Content/EngineMaterials/RemoveSurfaceMaterial.uasset" 401
"../../../Engine/Content/EngineDebugMaterials/DebugMeshMaterial.uasset" 402
"../../../Engine/Content/EngineMaterials/M_InvalidLightmapSettings.uasset" 403
"../../../Engine/Content/EngineMaterials/InvalidLightmapSettings.uasset" 404
"../../../Engine/Content/EditorMaterials/GizmoMaterial.uasset" 405
"../../../Engine/Content/EngineMaterials/Good64x64TilingNoiseHighFreq.uasset" 406
"../../../Engine/Content/EngineMaterials/DefaultBokeh.uasset" 407
"../../../Engine/Content/EngineMaterials/PreintegratedSkinBRDF.uasset" 408
"../../../Engine/Content/EngineMaterials/MiniFont.uasset" 409
"../../../Engine/Content/EngineMaterials/WeightMapPlaceholderTexture.uasset" 410
"../../../Engine/Content/EngineMaterials/DefaultWhiteGrid.uasset" 411
"../../../Engine/Content/EngineMaterials/DefaultPhysicalMaterial.uasset" 412
"../../../Engine/Content/EngineFonts/RobotoTiny.uasset" 413
"G:/Unreal/Unreal Projects/TheFirstSquare/Intermediate/CachedAssetRegistry.bin" 414
"G:/Unreal/Unreal Projects/TheFirstSquare/Content/Blueprints/UI/UMG_Tutorial.uasset" 415
"../../../Engine/Content/MobileResources/HUD/VirtualJoystick_Thumb.uasset" 416
"../../../Engine/Content/MobileResources/HUD/VirtualJoystick_Background.uasset" 417
"../../../Engine/Content/MobileResources/HUD/T_Castle_ThumbstickOutter.uasset" 418
"../../../Engine/Content/MobileResources/HUD/T_Castle_ThumbstickInner.uasset" 419
"../../../Engine/Content/MobileResources/HUD/MobileHUDDirectionStick.uasset" 420
"../../../Engine/Content/MobileResources/HUD/MobileHUDDirectionPad3.uasset" 421
"../../../Engine/Content/MobileResources/HUD/MobileHUDDirectionPad2.uasset" 422
"../../../Engine/Content/MobileResources/HUD/MobileHUDDirectionPad.uasset" 423
"../../../Engine/Content/MobileResources/HUD/MobileHUDButtonFire.uasset" 424
"../../../Engine/Content/MobileResources/HUD/MobileHUDButton3.uasset" 425
"../../../Engine/Content/MobileResources/HUD/MobileHUDButton2_on.uasset" 426
"../../../Engine/Content/MobileResources/HUD/MobileHUDButton2_off.uasset" 427
"../../../Engine/Content/MobileResources/HUD/MobileHUDButton1_on.uasset" 428
"../../../Engine/Content/MobileResources/HUD/MobileHUDButton1_off.uasset" 429
"../../../Engine/Content/MobileResources/HUD/LeftVirtualJoystickOnly.uasset" 430
"../../../Engine/Content/MobileResources/HUD/DefaultVirtualJoysticks.uasset" 431
"../../../Engine/Content/MobileResources/HUD/AnalogHat.uasset" 432
"../../../Engine/Content/MobileResources/T_MobileMenu2.uasset" 433
"../../../Engine/Content/MobileResources/T_MobileControls_texture.uasset" 434
"G:/Unreal/Unreal Projects/TheFirstSquare/Content/Blueprints/BP_Game.uasset" 435
"G:/Unreal/Unreal Projects/TheFirstSquare/Content/Blueprints/BP_Character.uasset" 436
"G:/Unreal/Unreal Projects/TheFirstSquare/Content/Character/HeroTPP_AnimBlueprint.uasset" 437
"G:/Unreal/Unreal Projects/TheFirstSquare/Content/Animations/Jump_End.uasset" 438
"G:/Unreal/Unreal Projects/TheFirstSquare/Content/Character/HeroTPP_Skeleton.uasset" 439
"G:/Unreal/Unreal Projects/TheFirstSquare/Content/Animations/Jump_Loop.uasset" 440
"G:/Unreal/Unreal Projects/TheFirstSquare/Content/Animations/Jump_Start.uasset" 441
"G:/Unreal/Unreal Projects/TheFirstSquare/Content/Character/IdleRun_TPP.uasset" 442
"G:/Unreal/Unreal Projects/TheFirstSquare/Content/Animations/Idle.uasset" 443
"G:/Unreal/Unreal Projects/TheFirstSquare/Content/Animations/Run.uasset" 444
"G:/Unreal/Unreal Projects/TheFirstSquare/Content/Animations/Walk.uasset" 445
"../../../Engine/Content/EditorBlueprintResources/StandardMacros.uasset" 446
"G:/Unreal/Unreal Projects/TheFirstSquare/Content/Blueprints/BP_ColoredPlatform.uasset" 447
"G:/Unreal/Unreal Projects/TheFirstSquare/Content/Materials/Mat_PlainColor.uasset" 448
"G:/Unreal/Unreal Projects/TheFirstSquare/Content/Meshes/Floor_400x400.uasset" 449
"G:/Unreal/Unreal Projects/TheFirstSquare/Content/Materials/Mat_ColorWithOutline.uasset" 450
"G:/Unreal/Unreal Projects/TheFirstSquare/Content/Character/HeroTPP.uasset" 451
"G:/Unreal/Unreal Projects/TheFirstSquare/Content/Blueprints/BP_Controller.uasset" 452
"G:/Unreal/Unreal Projects/TheFirstSquare/Content/Blueprints/BP_HUD.uasset" 453
"G:/Unreal/Unreal Projects/TheFirstSquare/Content/Blueprints/BPE_GameStates.uasset" 454
"G:/Unreal/Unreal Projects/TheFirstSquare/Content/Blueprints/UI/UMG_Credits.uasset" 455
"G:/Unreal/Unreal Projects/TheFirstSquare/Content/Blueprints/UI/UMG_Menu.uasset" 456
"G:/Unreal/Unreal Projects/TheFirstSquare/Content/Blueprints/BP_GameInstance.uasset" 457
"G:/Unreal/Unreal Projects/TheFirstSquare/Content/Blueprints/UI/UMG_OverlayMenu.uasset" 458
"C:/Users/Fuchs/AppData/Local/UnrealEngine/Common/DerivedDataCache/8/5/7/PHYSX_$7B1F0627AE$2DABEB$2D4206$2D8D78$2DE16BEB5DDC7E$7D_PHYSXPC_DA0A408C467F7__AADE84D1CBD9383FB4D1ECC2F353233E2760D4B8.udd" 459
"C:/Users/Fuchs/AppData/Local/UnrealEngine/Common/DerivedDataCache/7/9/8/MATSM_E2C1E89EE9AE4F3CA7B8E0F2C49B34EB_PCD3D_SM5_2__BC5N_DEV_SL_NODBUF4535DA9C__0AAE11CD653B819DACA076ABC11BB4E0E5B416EF.udd" 460
"C:/Users/Fuchs/AppData/Local/UnrealEngine/Common/DerivedDataCache/0/9/0/MATSM_E2C1E89EE9AE4F3CA7B8E0F2C49B34EB_PCD3D_SM4_2__BC5N_DEV_SL_NODBUF4535DA9C__29BA3B31D06573FE78F91ECDBCAEBCFA88AC72B7.udd" 461
"C:/Users/Fuchs/AppData/Local/UnrealEngine/Common/DerivedDataCache/7/2/1/MATSM_E2C1E89EE9AE4F3CA7B8E0F2C49B34EB_PCD3D_SM5_2__BC5N_DEV_SL_NODBUF88EB9B12__F693F44736DA2747BFCAAAD8B8900C3696367803.udd" 462
"C:/Users/Fuchs/AppData/Local/UnrealEngine/Common/DerivedDataCache/4/9/2/MATSM_E2C1E89EE9AE4F3CA7B8E0F2C49B34EB_PCD3D_SM4_2__BC5N_DEV_SL_NODBUF88EB9B12__7DFBE32AE5B67410271A180C6016587B49920BFF.udd" 463
"../../../Engine/Content/Maps/Entry.umap" 464
"../../../Engine/Content/EngineMaterials/DefaultNormal.uasset" 465
"G:/Unreal/Unreal Projects/TheFirstSquare/Content/Maps/Menu.umap" 466
"../../../Engine/Content/EngineSky/BP_Sky_Sphere.uasset" 467
"../../../Engine/Content/EngineSky/C_Sky_Cloud_Color.uasset" 468
"../../../Engine/Content/EngineSky/C_Sky_Horizon_Color.uasset" 469
"../../../Engine/Content/EngineSky/C_Sky_Zenith_Color.uasset" 470
"../../../Engine/Content/EngineSky/M_Sky_Panning_Clouds2.uasset" 471
"../../../Engine/Content/EngineSky/T_Sky_Blue.uasset" 472
"../../../Engine/Content/EngineSky/T_Sky_Clouds_M.uasset" 473
"../../../Engine/Content/EngineSky/T_Sky_Stars.uasset" 474
"../../../Engine/Content/EngineSky/SM_SkySphere.uasset" 475
"G:/Unreal/Unreal Projects/TheFirstSquare/Content/Blueprints/BP_RandomPlatformDeco.uasset" 476
"C:/Users/Fuchs/AppData/Local/UnrealEngine/Common/DerivedDataCache/4/5/3/MATSM_E2C1E89EE9AE4F3CA7B8E0F2C49B34EB_PCD3D_SM5_2__BC5N_DEV_SL_NODBUF98FCFCDA__152610771DA63CAA92442DECE6A7DEB17CCDF8C1.udd" 477
"C:/Users/Fuchs/AppData/Local/UnrealEngine/Common/DerivedDataCache/3/4/8/MATSM_E2C1E89EE9AE4F3CA7B8E0F2C49B34EB_PCD3D_SM4_2__BC5N_DEV_SL_NODBUF98FCFCDA__DABB6C827AD53C685DEC4B3851F3F0F7A05A3E52.udd" 478
"G:/Unreal/Unreal Projects/TheFirstSquare/Content/Maps/Space.umap" 479
"G:/Unreal/Unreal Projects/TheFirstSquare/Content/Blueprints/BP_ColorSphere.uasset" 480
"G:/Unreal/Unreal Projects/TheFirstSquare/Content/Meshes/MaterialSphere.uasset" 481
"G:/Unreal/Unreal Projects/TheFirstSquare/Content/ParticleEffects/P_CollectSphere.uasset" 482
"G:/Unreal/Unreal Projects/TheFirstSquare/Content/Materials/Mat_BasicRoundParticle.uasset" 483
"../../../Engine/Content/Functions/Engine_MaterialFunctions01/Density/ExponentialDensity.uasset" 484
"../../../Engine/Content/Functions/Engine_MaterialFunctions01/Gradient/RadialGradientExponential.uasset" 485
"G:/Unreal/Unreal Projects/TheFirstSquare/Content/ParticleEffects/P_SphereDust.uasset" 486
"G:/Unreal/Unreal Projects/TheFirstSquare/Content/SoundEffects/swoop02.uasset" 487
"G:/Unreal/Unreal Projects/TheFirstSquare/Content/Blueprints/BP_FirstSquare.uasset" 488
"G:/Unreal/Unreal Projects/TheFirstSquare/Content/Materials/Mat_ColorWithOutline_RandomColor.uasset" 489
"G:/Unreal/Unreal Projects/TheFirstSquare/Content/Meshes/Boss.uasset" 490
"G:/Unreal/Unreal Projects/TheFirstSquare/Content/Blueprints/BP_FloatingPlatform.uasset" 491
"G:/Unreal/Unreal Projects/TheFirstSquare/Content/Blueprints/BP_Lift.uasset" 492
"G:/Unreal/Unreal Projects/TheFirstSquare/Content/ParticleEffects/P_Hover.uasset" 493
"G:/Unreal/Unreal Projects/TheFirstSquare/Content/Blueprints/BP_Tutorial.uasset" 494
"G:/Unreal/Unreal Projects/TheFirstSquare/Content/Blueprints/BP_TutorialData.uasset" 495
"G:/Unreal/Unreal Projects/TheFirstSquare/Content/ParticleEffects/P_Blocks.uasset" 496
"G:/Unreal/Unreal Projects/TheFirstSquare/Content/Materials/Mat_PlainColorParticle.uasset" 497
"G:/Unreal/Unreal Projects/TheFirstSquare/Content/ParticleEffects/P_RespawnBurst.uasset" 498
"G:/Unreal/Unreal Projects/TheFirstSquare/Content/SoundEffects/armadillo_-_quietthistle.uasset" 499
"G:/Unreal/Unreal Projects/TheFirstSquare/Content/SoundEffects/swoop01.uasset" 500
"C:/Users/Fuchs/AppData/Local/UnrealEngine/Common/DerivedDataCache/8/7/1/TEXTURE_75F87CE100B546AAB8A1C4132AF9DB17_AUTODXT_AD058F5B43C94A94B01A1B813C76F__232D94384C67E0912BF93336CD770D74BA9ED566.udd" 501
"C:/Users/Fuchs/AppData/Local/UnrealEngine/Common/DerivedDataCache/7/1/5/TEXTURE_75F87CE100B546AAB8A1C4132AF9DB17_DXT1_1EA9071A44CB21113E8117BB41052457__ADB6759403958476B2B3DEB53C7DA4EA40D9C8B4.udd" 502
"C:/Users/Fuchs/AppData/Local/UnrealEngine/Common/DerivedDataCache/6/2/3/PHYSX_$7B1F0627AE$2DABEB$2D4206$2D8D78$2DE16BEB5DDC7E$7D_PHYSXPC_FD6FF54C4D46A__6CDEE33FE4F4CDED02E163D737CD2AB07E8E3EB2.udd" 503
"C:/Users/Fuchs/AppData/Local/UnrealEngine/Common/DerivedDataCache/3/6/3/MATSM_E2C1E89EE9AE4F3CA7B8E0F2C49B34EB_PCD3D_SM5_2__BC5N_DEV_SL_NODBUF3B345464__CF4B7D304D4ED4A50E3E3A159CBFD24A1E093C03.udd" 504
"C:/Users/Fuchs/AppData/Local/UnrealEngine/Common/DerivedDataCache/1/7/1/MATSM_E2C1E89EE9AE4F3CA7B8E0F2C49B34EB_PCD3D_SM4_2__BC5N_DEV_SL_NODBUF3B345464__E3A06192CCAC2F150672AC2DC8F5F01228188FED.udd" 505
"C:/Users/Fuchs/AppData/Local/UnrealEngine/Common/DerivedDataCache/7/8/6/AUDIO_0002_0000_OGG_0001_27782C0244FB2356EA05F6A08E7D5DBF.udd" 506
"C:/Users/Fuchs/AppData/Local/UnrealEngine/Common/DerivedDataCache/7/5/0/MATSM_E2C1E89EE9AE4F3CA7B8E0F2C49B34EB_PCD3D_SM5_2__BC5N_DEV_SL_NODBUF80BCFFB8__B460D69C214E5D65EF74C9AFB044DCB67FFF9C4A.udd" 507
"C:/Users/Fuchs/AppData/Local/UnrealEngine/Common/DerivedDataCache/7/5/4/MATSM_E2C1E89EE9AE4F3CA7B8E0F2C49B34EB_PCD3D_SM4_2__BC5N_DEV_SL_NODBUF80BCFFB8__66ED96F87B89911A0E61D2B141C2B91F2A4CB88F.udd" 508
"C:/Users/Fuchs/AppData/Local/UnrealEngine/Common/DerivedDataCache/2/6/5/PHYSX_$7B1F0627AE$2DABEB$2D4206$2D8D78$2DE16BEB5DDC7E$7D_PHYSXPC_47C5CC08469C6__3E604CF04D211CC1E6B4D522C7830970A2DE951D.udd" 509
"C:/Users/Fuchs/AppData/Local/UnrealEngine/Common/DerivedDataCache/9/2/8/MATSM_E2C1E89EE9AE4F3CA7B8E0F2C49B34EB_PCD3D_SM5_2__BC5N_DEV_SL_NODBUFFFB16047__2B93BED75B08837FD02FC6BFBC71CE578A4CF186.udd" 510
"C:/Users/Fuchs/AppData/Local/UnrealEngine/Common/DerivedDataCache/6/5/9/MATSM_E2C1E89EE9AE4F3CA7B8E0F2C49B34EB_PCD3D_SM4_2__BC5N_DEV_SL_NODBUFFFB16047__A99646B81D454108B0CDFFD5B12C7FED6A4ACC97.udd" 511
"C:/Users/Fuchs/AppData/Local/UnrealEngine/Common/DerivedDataCache/1/5/7/AUDIO_0002_0000_OGG_0001_672500514BA2ED50FC8947A087F9D9D7.udd" 512
"C:/Users/Fuchs/AppData/Local/UnrealEngine/Common/DerivedDataCache/0/2/5/AUDIO_0002_0000_OGG_0001_9A9DF8CE47256BD496226F891876D83C.udd" 513
"../../../Engine/Content/EditorResources/AudioIcons/S_AudioComponent_AutoActivate.uasset" 514
"G:/Unreal/Unreal Projects/TheFirstSquare/Content/StarterContent/Textures/T_Wood_A_S.uasset" 515
"G:/Unreal/Unreal Projects/TheFirstSquare/Content/StarterContent/Textures/T_Wood_A_N.uasset" 516
"G:/Unreal/Unreal Projects/TheFirstSquare/Content/StarterContent/Textures/T_Wood_a_d.uasset" 517
"G:/Unreal/Unreal Projects/TheFirstSquare/Content/StarterContent/Textures/T_White_Painted_Metal_N.uasset" 518
"G:/Unreal/Unreal Projects/TheFirstSquare/Content/StarterContent/Textures/T_White_Painted_Metal_D.uasset" 519
"G:/Unreal/Unreal Projects/TheFirstSquare/Content/StarterContent/Textures/T_UNV_Concrete02_N.uasset" 520
"G:/Unreal/Unreal Projects/TheFirstSquare/Content/StarterContent/Textures/T_UNV_Concrete02.uasset" 521
"G:/Unreal/Unreal Projects/TheFirstSquare/Content/StarterContent/Textures/T_Underground_Base_Pipe_N.uasset" 522
"G:/Unreal/Unreal Projects/TheFirstSquare/Content/StarterContent/Textures/T_Underground_Base_Pipe_D.uasset" 523
"G:/Unreal/Unreal Projects/TheFirstSquare/Content/StarterContent/Textures/T_Stone_Brick_N.uasset" 524
"G:/Unreal/Unreal Projects/TheFirstSquare/Content/StarterContent/Textures/T_Stone_Brick_D.uasset" 525
"G:/Unreal/Unreal Projects/TheFirstSquare/Content/StarterContent/Textures/T_Spark_Core.uasset" 526
"G:/Unreal/Unreal Projects/TheFirstSquare/Content/StarterContent/Textures/T_Smoke_Tiled_D.uasset" 527
"G:/Unreal/Unreal Projects/TheFirstSquare/Content/StarterContent/Textures/T_Smoke_SubUV.uasset" 528
"G:/Unreal/Unreal Projects/TheFirstSquare/Content/StarterContent/Textures/T_Sky_Stars.uasset" 529
"G:/Unreal/Unreal Projects/TheFirstSquare/Content/StarterContent/Textures/T_Sky_Clouds_M.uasset" 530
"G:/Unreal/Unreal Projects/TheFirstSquare/Content/StarterContent/Textures/T_Shelf_N.uasset" 531
"G:/Unreal/Unreal Projects/TheFirstSquare/Content/StarterContent/Textures/T_Shelf_M.uasset" 532
"G:/Unreal/Unreal Projects/TheFirstSquare/Content/StarterContent/Textures/T_Rock_Detail_03_D.uasset" 533
"G:/Unreal/Unreal Projects/TheFirstSquare/Content/StarterContent/Textures/T_Rock_Detail_02_N.uasset" 534
"G:/Unreal/Unreal Projects/TheFirstSquare/Content/StarterContent/Textures/T_Rock_Detail_02_D.uasset" 535
"G:/Unreal/Unreal Projects/TheFirstSquare/Content/StarterContent/Textures/T_Rock_11b_D.uasset" 536
"G:/Unreal/Unreal Projects/TheFirstSquare/Content/StarterContent/Textures/T_Rock_10_N.uasset" 537
"G:/Unreal/Unreal Projects/TheFirstSquare/Content/StarterContent/Textures/T_Rock_10_D.uasset" 538
"G:/Unreal/Unreal Projects/TheFirstSquare/Content/StarterContent/Textures/T_Rock_09_D.uasset" 539
"G:/Unreal/Unreal Projects/TheFirstSquare/Content/StarterContent/Textures/T_Rock_08_N.uasset" 540
"G:/Unreal/Unreal Projects/TheFirstSquare/Content/StarterContent/Textures/T_Rock_08_D.uasset" 541
"G:/Unreal/Unreal Projects/TheFirstSquare/Content/StarterContent/Textures/T_Rock_07_N.uasset" 542
"G:/Unreal/Unreal Projects/TheFirstSquare/Content/StarterContent/Textures/T_Rock_07_D.uasset" 543
"G:/Unreal/Unreal Projects/TheFirstSquare/Content/StarterContent/Textures/T_Rock_07b_D.uasset" 544
"G:/Unreal/Unreal Projects/TheFirstSquare/Content/StarterContent/Textures/T_Rock_06_N.uasset" 545
"G:/Unreal/Unreal Projects/TheFirstSquare/Content/StarterContent/Textures/T_Rock_06_D.uasset" 546
"G:/Unreal/Unreal Projects/TheFirstSquare/Content/StarterContent/Textures/T_Rock_05_N.uasset" 547
"G:/Unreal/Unreal Projects/TheFirstSquare/Content/StarterContent/Textures/T_Rock_05_D.uasset" 548
"G:/Unreal/Unreal Projects/TheFirstSquare/Content/StarterContent/Textures/T_Rock_03_N.uasset" 549
"G:/Unreal/Unreal Projects/TheFirstSquare/Content/StarterContent/Textures/T_Rock_03_D.uasset" 550
"G:/Unreal/Unreal Projects/TheFirstSquare/Content/StarterContent/Textures/T_Rock_01_N.uasset" 551
"G:/Unreal/Unreal Projects/TheFirstSquare/Content/StarterContent/Textures/T_Rock_01_D.uasset" 552
"G:/Unreal/Unreal Projects/TheFirstSquare/Content/StarterContent/Textures/T_Rocky_01_N.uasset" 553
"G:/Unreal/Unreal Projects/TheFirstSquare/Content/StarterContent/Textures/T_RockMesh_N.uasset" 554
"G:/Unreal/Unreal Projects/TheFirstSquare/Content/StarterContent/Textures/T_RockMesh_M.uasset" 555
"G:/Unreal/Unreal Projects/TheFirstSquare/Content/StarterContent/Textures/T_PatchyGrass_N.uasset" 556
"G:/Unreal/Unreal Projects/TheFirstSquare/Content/StarterContent/Textures/T_PatchyGrass_D.uasset" 557
"G:/Unreal/Unreal Projects/TheFirstSquare/Content/StarterContent/Textures/T_Paint_Metal_Rust_N.uasset" 558
"G:/Unreal/Unreal Projects/TheFirstSquare/Content/StarterContent/Textures/T_Paint_Metal_Rust_D.uasset" 559
"G:/Unreal/Unreal Projects/TheFirstSquare/Content/StarterContent/Textures/T_PaintedMetal01_N.uasset" 560
"G:/Unreal/Unreal Projects/TheFirstSquare/Content/StarterContent/Textures/T_PaintedMetal01.uasset" 561
"G:/Unreal/Unreal Projects/TheFirstSquare/Content/StarterContent/Textures/T_Metal_Scuffed_N.uasset" 562
"G:/Unreal/Unreal Projects/TheFirstSquare/Content/StarterContent/Textures/T_Metal_Scuffed_D.uasset" 563
"G:/Unreal/Unreal Projects/TheFirstSquare/Content/StarterContent/Textures/T_Metal_Rust_01_N.uasset" 564
"G:/Unreal/Unreal Projects/TheFirstSquare/Content/StarterContent/Textures/T_Metal_Rust_01_D.uasset" 565
"G:/Unreal/Unreal Projects/TheFirstSquare/Content/StarterContent/Textures/T_Metal_Painted_04_N.uasset" 566
"G:/Unreal/Unreal Projects/TheFirstSquare/Content/StarterContent/Textures/T_Metal_Painted_04_D.uasset" 567
"G:/Unreal/Unreal Projects/TheFirstSquare/Content/StarterContent/Textures/T_Metal_Metal03_N.uasset" 568
"G:/Unreal/Unreal Projects/TheFirstSquare/Content/StarterContent/Textures/T_Metal_Metal03_D.uasset" 569
"G:/Unreal/Unreal Projects/TheFirstSquare/Content/StarterContent/Textures/T_Metal_Metal01_N.uasset" 570
"G:/Unreal/Unreal Projects/TheFirstSquare/Content/StarterContent/Textures/T_Metal_Metal01_D.uasset" 571
"G:/Unreal/Unreal Projects/TheFirstSquare/Content/StarterContent/Textures/T_Metal_Dark_Gun_metal_N.uasset" 572
"G:/Unreal/Unreal Projects/TheFirstSquare/Content/StarterContent/Textures/T_Metal_Dark_Gun_metal_E.uasset" 573
"G:/Unreal/Unreal Projects/TheFirstSquare/Content/StarterContent/Textures/T_Lamp_N.uasset" 574
"G:/Unreal/Unreal Projects/TheFirstSquare/Content/StarterContent/Textures/T_Lamp_M.uasset" 575
"G:/Unreal/Unreal Projects/TheFirstSquare/Content/StarterContent/Textures/T_Ground_Noise_N.uasset" 576
"G:/Unreal/Unreal Projects/TheFirstSquare/Content/StarterContent/Textures/T_Ground_Dirt_N.uasset" 577
"G:/Unreal/Unreal Projects/TheFirstSquare/Content/StarterContent/Textures/T_Ground_Dirt_D.uasset" 578
"G:/Unreal/Unreal Projects/TheFirstSquare/Content/StarterContent/Textures/T_Ground_Detail_N.uasset" 579
"G:/Unreal/Unreal Projects/TheFirstSquare/Content/StarterContent/Textures/T_Ground_02_N.uasset" 580
"G:/Unreal/Unreal Projects/TheFirstSquare/Content/StarterContent/Textures/T_Ground_02_D.uasset" 581
"G:/Unreal/Unreal Projects/TheFirstSquare/Content/StarterContent/Textures/T_Ground_01_N.uasset" 582
"G:/Unreal/Unreal Projects/TheFirstSquare/Content/StarterContent/Textures/T_Ground_01_D.uasset" 583
"G:/Unreal/Unreal Projects/TheFirstSquare/Content/StarterContent/Textures/T_Gravel_N.uasset" 584
"G:/Unreal/Unreal Projects/TheFirstSquare/Content/StarterContent/Textures/T_Gravel_D.uasset" 585
"G:/Unreal/Unreal Projects/TheFirstSquare/Content/StarterContent/Textures/T_Generic_Concrete_Base_07_N.uasset" 586
"G:/Unreal/Unreal Projects/TheFirstSquare/Content/StarterContent/Textures/T_Generic_Concrete_Base_07.uasset" 587
"G:/Unreal/Unreal Projects/TheFirstSquare/Content/StarterContent/Textures/T_Generic_Concrete_Base_06_N.uasset" 588
"G:/Unreal/Unreal Projects/TheFirstSquare/Content/StarterContent/Textures/T_Generic_Concrete_Base_06.uasset" 589
"G:/Unreal/Unreal Projects/TheFirstSquare/Content/StarterContent/Textures/T_Generic_Concrete_Base04_N.uasset" 590
"G:/Unreal/Unreal Projects/TheFirstSquare/Content/StarterContent/Textures/T_Generic_Concrete_Base04_D.uasset" 591
"G:/Unreal/Unreal Projects/TheFirstSquare/Content/StarterContent/Textures/T_Generic_Concrete_Base02_N.uasset" 592
"G:/Unreal/Unreal Projects/TheFirstSquare/Content/StarterContent/Textures/T_Generic_Concrete_Base02.uasset" 593
"G:/Unreal/Unreal Projects/TheFirstSquare/Content/StarterContent/Textures/T_Fire_Tiled_D.uasset" 594
"G:/Unreal/Unreal Projects/TheFirstSquare/Content/StarterContent/Textures/T_Fire_SubUV.uasset" 595
"G:/Unreal/Unreal Projects/TheFirstSquare/Content/StarterContent/Textures/T_Explosion_SubUV.uasset" 596
"G:/Unreal/Unreal Projects/TheFirstSquare/Content/StarterContent/Textures/T_Dust_Particle_D.uasset" 597
"G:/Unreal/Unreal Projects/TheFirstSquare/Content/StarterContent/Textures/T_Door_N.uasset" 598
"G:/Unreal/Unreal Projects/TheFirstSquare/Content/StarterContent/Textures/T_Door_M.uasset" 599
"G:/Unreal/Unreal Projects/TheFirstSquare/Content/StarterContent/Textures/T_Dirt_N.uasset" 600
"G:/Unreal/Unreal Projects/TheFirstSquare/Content/StarterContent/Textures/T_Dirt_D.uasset" 601
"G:/Unreal/Unreal Projects/TheFirstSquare/Content/StarterContent/Textures/T_DesertCrystal01_N.uasset" 602
"G:/Unreal/Unreal Projects/TheFirstSquare/Content/StarterContent/Textures/T_Concrete_Wall_N.uasset" 603
"G:/Unreal/Unreal Projects/TheFirstSquare/Content/StarterContent/Textures/T_Concrete_Wall_D.uasset" 604
"G:/Unreal/Unreal Projects/TheFirstSquare/Content/StarterContent/Textures/T_Concrete_Wall07_N.uasset" 605
"G:/Unreal/Unreal Projects/TheFirstSquare/Content/StarterContent/Textures/T_Concrete_Wall07.uasset" 606
"G:/Unreal/Unreal Projects/TheFirstSquare/Content/StarterContent/Textures/T_Concrete_N.uasset" 607
"G:/Unreal/Unreal Projects/TheFirstSquare/Content/StarterContent/Textures/T_Concrete_Floor01_N.uasset" 608
"G:/Unreal/Unreal Projects/TheFirstSquare/Content/StarterContent/Textures/T_Concrete_Floor01.uasset" 609
"G:/Unreal/Unreal Projects/TheFirstSquare/Content/StarterContent/Textures/T_Concrete_D.uasset" 610
"G:/Unreal/Unreal Projects/TheFirstSquare/Content/StarterContent/Textures/T_Concrete_01_N.uasset" 611
"G:/Unreal/Unreal Projects/TheFirstSquare/Content/StarterContent/Textures/T_Concrete_01_D.uasset" 612
"G:/Unreal/Unreal Projects/TheFirstSquare/Content/StarterContent/Textures/T_Concrete01_N.uasset" 613
"G:/Unreal/Unreal Projects/TheFirstSquare/Content/StarterContent/Textures/T_Concrete01_D.uasset" 614
"G:/Unreal/Unreal Projects/TheFirstSquare/Content/StarterContent/Textures/T_Cobble_01_H.uasset" 615
"G:/Unreal/Unreal Projects/TheFirstSquare/Content/StarterContent/Textures/T_CobbleStone_04_R.uasset" 616
"G:/Unreal/Unreal Projects/TheFirstSquare/Content/StarterContent/Textures/T_CobbleStone_04_N.uasset" 617
"G:/Unreal/Unreal Projects/TheFirstSquare/Content/StarterContent/Textures/T_CobbleStone_04_D.uasset" 618
"G:/Unreal/Unreal Projects/TheFirstSquare/Content/StarterContent/Textures/T_CobbleStone_04b_D.uasset" 619
"G:/Unreal/Unreal Projects/TheFirstSquare/Content/StarterContent/Textures/T_CobbleDark_01_D.uasset" 620
"G:/Unreal/Unreal Projects/TheFirstSquare/Content/StarterContent/Textures/T_Cliff_N.uasset" 621
"G:/Unreal/Unreal Projects/TheFirstSquare/Content/StarterContent/Textures/T_Cliff_M.uasset" 622
"G:/Unreal/Unreal Projects/TheFirstSquare/Content/StarterContent/Textures/T_Bush_N.uasset" 623
"G:/Unreal/Unreal Projects/TheFirstSquare/Content/StarterContent/Textures/T_Bush_D.uasset" 624
"G:/Unreal/Unreal Projects/TheFirstSquare/Content/StarterContent/Textures/T_Burst_M.uasset" 625
"G:/Unreal/Unreal Projects/TheFirstSquare/Content/StarterContent/Textures/T_Base_Metal_Gray_N.uasset" 626
"G:/Unreal/Unreal Projects/TheFirstSquare/Content/StarterContent/Textures/T_Base_Metal_Gray_D.uasset" 627
"G:/Unreal/Unreal Projects/TheFirstSquare/Content/StarterContent/Textures/T_Bark02_N.uasset" 628
"G:/Unreal/Unreal Projects/TheFirstSquare/Content/StarterContent/Textures/T_Bark02_D.uasset" 629
"G:/Unreal/Unreal Projects/TheFirstSquare/Content/StarterContent/Textures/T_ArmorMetal01_N.uasset" 630
"G:/Unreal/Unreal Projects/TheFirstSquare/Content/StarterContent/Textures/T_ArmorMetal01.uasset" 631
"G:/Unreal/Unreal Projects/TheFirstSquare/Content/StarterContent/Textures/Sky54a2048LDR.uasset" 632
"G:/Unreal/Unreal Projects/TheFirstSquare/Content/StarterContent/Textures/Sky54a2048.uasset" 633
"G:/Unreal/Unreal Projects/TheFirstSquare/Content/StarterContent/Textures/Metal_Tile_2_N.uasset" 634
"G:/Unreal/Unreal Projects/TheFirstSquare/Content/StarterContent/Textures/Metal_Tile_2.uasset" 635
"G:/Unreal/Unreal Projects/TheFirstSquare/Content/StarterContent/Shapes/Shape_WideCapsule.uasset" 636
"G:/Unreal/Unreal Projects/TheFirstSquare/Content/StarterContent/Shapes/Shape_Wedge_B.uasset" 637
"G:/Unreal/Unreal Projects/TheFirstSquare/Content/StarterContent/Shapes/Shape_Wedge_A.uasset" 638
"G:/Unreal/Unreal Projects/TheFirstSquare/Content/StarterContent/Shapes/Shape_Tube.uasset" 639
"G:/Unreal/Unreal Projects/TheFirstSquare/Content/StarterContent/Shapes/Shape_TriPyramid.uasset" 640
"G:/Unreal/Unreal Projects/TheFirstSquare/Content/StarterContent/Shapes/Shape_Trim_90_Out.uasset" 641
"G:/Unreal/Unreal Projects/TheFirstSquare/Content/StarterContent/Shapes/Shape_Trim_90_In.uasset" 642
"G:/Unreal/Unreal Projects/TheFirstSquare/Content/StarterContent/Shapes/Shape_Trim.uasset" 643
"G:/Unreal/Unreal Projects/TheFirstSquare/Content/StarterContent/Shapes/Shape_Torus.uasset" 644
"G:/Unreal/Unreal Projects/TheFirstSquare/Content/StarterContent/Shapes/Shape_Plane.uasset" 645
"G:/Unreal/Unreal Projects/TheFirstSquare/Content/StarterContent/Shapes/Shape_Pipe_90.uasset" 646
"G:/Unreal/Unreal Projects/TheFirstSquare/Content/StarterContent/Shapes/Shape_Pipe_180.uasset" 647
"G:/Unreal/Unreal Projects/TheFirstSquare/Content/StarterContent/Shapes/Shape_Pipe.uasset" 648
"G:/Unreal/Unreal Projects/TheFirstSquare/Content/StarterContent/Shapes/Shape_NarrowCapsule.uasset" 649
"G:/Unreal/Unreal Projects/TheFirstSquare/Content/StarterContent/Shapes/Shape_Cylinder.uasset" 650
"G:/Unreal/Unreal Projects/TheFirstSquare/Content/StarterContent/Shapes/Shape_Cone.uasset" 651
"G:/Unreal/Unreal Projects/TheFirstSquare/Content/StarterContent/Props/Materials/M_Shelf.uasset" 652
"G:/Unreal/Unreal Projects/TheFirstSquare/Content/StarterContent/Props/Materials/M_Rock.uasset" 653
"G:/Unreal/Unreal Projects/TheFirstSquare/Content/StarterContent/Props/Materials/M_MaterialSphere_Plain.uasset" 654
"G:/Unreal/Unreal Projects/TheFirstSquare/Content/StarterContent/Props/Materials/M_MaterialSphere.uasset" 655
"G:/Unreal/Unreal Projects/TheFirstSquare/Content/StarterContent/Props/Materials/M_Lamp.uasset" 656
"G:/Unreal/Unreal Projects/TheFirstSquare/Content/StarterContent/Props/Materials/M_Door.uasset" 657
"G:/Unreal/Unreal Projects/TheFirstSquare/Content/StarterContent/Props/Materials/M_Bush.uasset" 658
"G:/Unreal/Unreal Projects/TheFirstSquare/Content/StarterContent/Props/SM_Stairs.uasset" 659
"G:/Unreal/Unreal Projects/TheFirstSquare/Content/StarterContent/Props/SM_Shelf.uasset" 660
"G:/Unreal/Unreal Projects/TheFirstSquare/Content/StarterContent/Props/SM_Rock.uasset" 661
"G:/Unreal/Unreal Projects/TheFirstSquare/Content/StarterContent/Props/SM_MatPreviewMesh_02.uasset" 662
"G:/Unreal/Unreal Projects/TheFirstSquare/Content/StarterContent/Props/SM_Lamp_Wall.uasset" 663
"G:/Unreal/Unreal Projects/TheFirstSquare/Content/StarterContent/Props/SM_Lamp_Ceiling.uasset" 664
"G:/Unreal/Unreal Projects/TheFirstSquare/Content/StarterContent/Props/SM_Door.uasset" 665
"G:/Unreal/Unreal Projects/TheFirstSquare/Content/StarterContent/Props/SM_Couch.uasset" 666
"G:/Unreal/Unreal Projects/TheFirstSquare/Content/StarterContent/Props/SM_Bush.uasset" 667
"G:/Unreal/Unreal Projects/TheFirstSquare/Content/StarterContent/Particles/Materials/M_Spark.uasset" 668
"G:/Unreal/Unreal Projects/TheFirstSquare/Content/StarterContent/Particles/Materials/M_smoke_subUV.uasset" 669
"G:/Unreal/Unreal Projects/TheFirstSquare/Content/StarterContent/Particles/Materials/M_radial_ramp.uasset" 670
"G:/Unreal/Unreal Projects/TheFirstSquare/Content/StarterContent/Particles/Materials/M_Radial_Gradient.uasset" 671
"G:/Unreal/Unreal Projects/TheFirstSquare/Content/StarterContent/Particles/Materials/M_Heat_Distortion.uasset" 672
"G:/Unreal/Unreal Projects/TheFirstSquare/Content/StarterContent/Particles/Materials/m_flare_01.uasset" 673
"G:/Unreal/Unreal Projects/TheFirstSquare/Content/StarterContent/Particles/Materials/M_Fire_SubUV.uasset" 674
"G:/Unreal/Unreal Projects/TheFirstSquare/Content/StarterContent/Particles/Materials/M_explosion_subUV.uasset" 675
"G:/Unreal/Unreal Projects/TheFirstSquare/Content/StarterContent/Particles/Materials/M_Dust_Particle.uasset" 676
"G:/Unreal/Unreal Projects/TheFirstSquare/Content/StarterContent/Particles/Materials/M_Burst.uasset" 677
"G:/Unreal/Unreal Projects/TheFirstSquare/Content/StarterContent/Particles/P_Steam_Lit.uasset" 678
"G:/Unreal/Unreal Projects/TheFirstSquare/Content/StarterContent/Particles/P_Sparks.uasset" 679
"G:/Unreal/Unreal Projects/TheFirstSquare/Content/StarterContent/Particles/P_Smoke.uasset" 680
"G:/Unreal/Unreal Projects/TheFirstSquare/Content/StarterContent/Particles/P_Fire.uasset" 681
"G:/Unreal/Unreal Projects/TheFirstSquare/Content/StarterContent/Particles/P_Explosion.uasset" 682
"G:/Unreal/Unreal Projects/TheFirstSquare/Content/StarterContent/Particles/P_Ambient_Dust.uasset" 683
"G:/Unreal/Unreal Projects/TheFirstSquare/Content/StarterContent/Materials/M_ColorGrid_LowSpec.uasset" 684
"G:/Unreal/Unreal Projects/TheFirstSquare/Content/StarterContent/Materials/M_Basic_Floor.uasset" 685
"G:/Unreal/Unreal Projects/TheFirstSquare/Content/StarterContent/HDRI/HDRI_Epic_Courtyard_Daylight.uasset" 686
"G:/Unreal/Unreal Projects/TheFirstSquare/Content/StarterContent/Blueprints/Assets/SunlightColorLUT.uasset" 687
"G:/Unreal/Unreal Projects/TheFirstSquare/Content/StarterContent/Blueprints/Assets/SM_Arrows.uasset" 688
"G:/Unreal/Unreal Projects/TheFirstSquare/Content/StarterContent/Blueprints/Assets/Skybox.uasset" 689
"G:/Unreal/Unreal Projects/TheFirstSquare/Content/StarterContent/Blueprints/Assets/M_LightStage_Skybox_Master.uasset" 690
"G:/Unreal/Unreal Projects/TheFirstSquare/Content/StarterContent/Blueprints/Assets/M_LightStage_Skybox_HDRI.uasset" 691
"G:/Unreal/Unreal Projects/TheFirstSquare/Content/StarterContent/Blueprints/Assets/M_LightStage_Skybox_Black.uasset" 692
"G:/Unreal/Unreal Projects/TheFirstSquare/Content/StarterContent/Blueprints/Assets/M_LightStage_Arrows.uasset" 693
"G:/Unreal/Unreal Projects/TheFirstSquare/Content/StarterContent/Blueprints/Assets/FogBrightnessLUT.uasset" 694
"G:/Unreal/Unreal Projects/TheFirstSquare/Content/StarterContent/Audio/Steam01_Cue.uasset" 695
"G:/Unreal/Unreal Projects/TheFirstSquare/Content/StarterContent/Audio/Steam01.uasset" 696
"G:/Unreal/Unreal Projects/TheFirstSquare/Content/StarterContent/Audio/Starter_Wind06.uasset" 697
"G:/Unreal/Unreal Projects/TheFirstSquare/Content/StarterContent/Audio/Starter_Wind05.uasset" 698
"G:/Unreal/Unreal Projects/TheFirstSquare/Content/StarterContent/Audio/Starter_Music_Cue.uasset" 699
"G:/Unreal/Unreal Projects/TheFirstSquare/Content/StarterContent/Audio/Starter_Music01.uasset" 700
"G:/Unreal/Unreal Projects/TheFirstSquare/Content/StarterContent/Audio/Starter_Birds01.uasset" 701
"G:/Unreal/Unreal Projects/TheFirstSquare/Content/StarterContent/Audio/Starter_Background_Cue.uasset" 702
"G:/Unreal/Unreal Projects/TheFirstSquare/Content/StarterContent/Audio/Smoke01_Cue.uasset" 703
"G:/Unreal/Unreal Projects/TheFirstSquare/Content/StarterContent/Audio/Smoke01.uasset" 704
"G:/Unreal/Unreal Projects/TheFirstSquare/Content/StarterContent/Audio/Light02_Cue.uasset" 705
"G:/Unreal/Unreal Projects/TheFirstSquare/Content/StarterContent/Audio/Light02.uasset" 706
"G:/Unreal/Unreal Projects/TheFirstSquare/Content/StarterContent/Audio/Light01_Cue.uasset" 707
"G:/Unreal/Unreal Projects/TheFirstSquare/Content/StarterContent/Audio/Light01.uasset" 708
"G:/Unreal/Unreal Projects/TheFirstSquare/Content/StarterContent/Audio/Fire_Sparks01_Cue.uasset" 709
"G:/Unreal/Unreal Projects/TheFirstSquare/Content/StarterContent/Audio/Fire_Sparks01.uasset" 710
"G:/Unreal/Unreal Projects/TheFirstSquare/Content/StarterContent/Audio/Fire01_Cue.uasset" 711
"G:/Unreal/Unreal Projects/TheFirstSquare/Content/StarterContent/Audio/Fire01.uasset" 712
"G:/Unreal/Unreal Projects/TheFirstSquare/Content/StarterContent/Audio/Explosion_Cue.uasset" 713
"G:/Unreal/Unreal Projects/TheFirstSquare/Content/StarterContent/Audio/Explosion02.uasset" 714
"G:/Unreal/Unreal Projects/TheFirstSquare/Content/StarterContent/Audio/Explosion01.uasset" 715
"G:/Unreal/Unreal Projects/TheFirstSquare/Content/StarterContent/Audio/Collapse_Cue.uasset" 716
"G:/Unreal/Unreal Projects/TheFirstSquare/Content/StarterContent/Audio/Collapse02.uasset" 717
"G:/Unreal/Unreal Projects/TheFirstSquare/Content/StarterContent/Audio/Collapse01.uasset" 718
"G:/Unreal/Unreal Projects/TheFirstSquare/Content/StarterContent/Architecture/Wall_Window_400x400.uasset" 719
"G:/Unreal/Unreal Projects/TheFirstSquare/Content/StarterContent/Architecture/Wall_Door_400x400.uasset" 720
"G:/Unreal/Unreal Projects/TheFirstSquare/Content/StarterContent/Architecture/Wall_500x500.uasset" 721
"G:/Unreal/Unreal Projects/TheFirstSquare/Content/StarterContent/Architecture/Wall_400x400.uasset" 722
"G:/Unreal/Unreal Projects/TheFirstSquare/Content/StarterContent/Architecture/Wall_400x300.uasset" 723
"G:/Unreal/Unreal Projects/TheFirstSquare/Content/StarterContent/Architecture/SM_FloorPiece500x500.uasset" 724
"G:/Unreal/Unreal Projects/TheFirstSquare/Content/StarterContent/Architecture/SM_CeilingPiece500x500.uasset" 725
"G:/Unreal/Unreal Projects/TheFirstSquare/Content/StarterContent/Architecture/Pillar_50x500.uasset" 726
